<?xml version="1.0" encoding="UTF-8"?>
<testng-results ignored="0" total="1" passed="1" failed="0" skipped="0">
  <reporter-output>
    <line>
      <![CDATA[welcome]]>
    </line>
  </reporter-output>
  <suite started-at="2022-09-20T11:57:32 IST" name="Default suite" finished-at="2022-09-20T11:57:32 IST" duration-ms="47">
    <groups>
    </groups>
    <test started-at="2022-09-20T11:57:32 IST" name="Default test" finished-at="2022-09-20T11:57:32 IST" duration-ms="47">
      <class name="com.actitime.testscript.DemoTestNG">
        <test-method signature="demotest()[pri:0, instance:com.actitime.testscript.DemoTestNG@625732]" started-at="2022-09-20T11:57:32 IST" name="demotest" finished-at="2022-09-20T11:57:32 IST" duration-ms="9" status="PASS">
          <reporter-output>
            <line>
              <![CDATA[welcome]]>
            </line>
          </reporter-output>
        </test-method> <!-- demotest -->
      </class> <!-- com.actitime.testscript.DemoTestNG -->
    </test> <!-- Default test -->
  </suite> <!-- Default suite -->
</testng-results>
